2024-06-10 03:56:33.723539-05:00
2024-06-27 22:53:46.084634-05:00
Traceback (most recent call last):
  File "/home/tw2623/Indexer-Project/test.py", line 2, in <module>
    import requests
  File "/usr/lib/python3/dist-packages/requests/__init__.py", line 43, in <module>
    import urllib3
  File "/usr/lib/python3/dist-packages/urllib3/__init__.py", line 14, in <module>
    from ._base_connection import _TYPE_BODY
  File "/usr/lib/python3/dist-packages/urllib3/_base_connection.py", line 5, in <module>
    from .util.connection import _TYPE_SOCKET_OPTIONS
  File "/usr/lib/python3/dist-packages/urllib3/util/__init__.py", line 8, in <module>
    from .ssl_ import (
  File "/usr/lib/python3/dist-packages/urllib3/util/ssl_.py", line 13, in <module>
    from .url import _BRACELESS_IPV6_ADDRZ_RE, _IPV4_RE
  File "/usr/lib/python3/dist-packages/urllib3/util/url.py", line 61, in <module>
    _BRACELESS_IPV6_ADDRZ_RE = re.compile("^" + _IPV6_ADDRZ_PAT[2:-2] + "$")
                               ^^^^^^^^^^^^^^^^^^^^^^^^^^^^^^^^^^^^^^^^^^^^^
  File "/usr/lib/python3.12/re/__init__.py", line 228, in compile
    return _compile(pattern, flags)
           ^^^^^^^^^^^^^^^^^^^^^^^^
  File "/usr/lib/python3.12/re/__init__.py", line 307, in _compile
    p = _compiler.compile(pattern, flags)
        ^^^^^^^^^^^^^^^^^^^^^^^^^^^^^^^^^
  File "/usr/lib/python3.12/re/_compiler.py", line 745, in compile
    p = _parser.parse(p, flags)
        ^^^^^^^^^^^^^^^^^^^^^^^
  File "/usr/lib/python3.12/re/_parser.py", line 979, in parse
    p = _parse_sub(source, state, flags & SRE_FLAG_VERBOSE, 0)
        ^^^^^^^^^^^^^^^^^^^^^^^^^^^^^^^^^^^^^^^^^^^^^^^^^^^^^^
  File "/usr/lib/python3.12/re/_parser.py", line 460, in _parse_sub
    itemsappend(_parse(source, state, verbose, nested + 1,
                ^^^^^^^^^^^^^^^^^^^^^^^^^^^^^^^^^^^^^^^^^^
  File "/usr/lib/python3.12/re/_parser.py", line 862, in _parse
    p = _parse_sub(source, state, sub_verbose, nested + 1)
        ^^^^^^^^^^^^^^^^^^^^^^^^^^^^^^^^^^^^^^^^^^^^^^^^^^
  File "/usr/lib/python3.12/re/_parser.py", line 460, in _parse_sub
    itemsappend(_parse(source, state, verbose, nested + 1,
                ^^^^^^^^^^^^^^^^^^^^^^^^^^^^^^^^^^^^^^^^^^
  File "/usr/lib/python3.12/re/_parser.py", line 641, in _parse
    here = source.tell()
           ^^^^^^^^^^^^^
  File "/usr/lib/python3.12/re/_parser.py", line 293, in tell
    def tell(self):

KeyboardInterrupt
